==12986== Memcheck, a memory error detector
==12986== Copyright (C) 2002-2012, and GNU GPL'd, by Julian Seward et al.
==12986== Using Valgrind-3.8.1 and LibVEX; rerun with -h for copyright info
==12986== Command: ./a.out
==12986== Parent PID: 16067
==12986== 
--12986-- 
--12986-- Valgrind options:
--12986--    --tool=memcheck
--12986--    --leak-check=full
--12986--    --verbose
--12986--    --log-file=memcheck.log
--12986-- Contents of /proc/version:
--12986--   Linux version 2.6.32-431.23.3.el6.x86_64 (mockbuild@x86-027.build.eng.bos.redhat.com) (gcc version 4.4.7 20120313 (Red Hat 4.4.7-4) (GCC) ) #1 SMP Wed Jul 16 06:12:23 EDT 2014
--12986-- Arch and hwcaps: AMD64, amd64-sse3-cx16
--12986-- Page sizes: currently 4096, max supported 4096
--12986-- Valgrind library directory: /usr/lib64/valgrind
--12986-- Reading syms from /home/shay/b/mlinghu/ECE264/solutions/Homework/PA02/a.out
--12986-- Reading syms from /usr/lib64/valgrind/memcheck-amd64-linux
--12986--    object doesn't have a dynamic symbol table
--12986-- Reading syms from /lib64/ld-2.12.so
--12986--   Considering /usr/lib/debug/.build-id/57/bf668f99b7f5917b8d55fbb645173c9a644575.debug ..
--12986--   .. build-id is valid
--12986-- Scheduler: using generic scheduler lock implementation.
--12986-- Reading suppressions file: /usr/lib64/valgrind/default.supp
==12986== embedded gdbserver: reading from /tmp/vgdb-pipe-from-vgdb-to-12986-by-mlinghu-on-ecegrid-thin3.ecn.purdue.edu
==12986== embedded gdbserver: writing to   /tmp/vgdb-pipe-to-vgdb-from-12986-by-mlinghu-on-ecegrid-thin3.ecn.purdue.edu
==12986== embedded gdbserver: shared mem   /tmp/vgdb-pipe-shared-mem-vgdb-12986-by-mlinghu-on-ecegrid-thin3.ecn.purdue.edu
==12986== 
==12986== TO CONTROL THIS PROCESS USING vgdb (which you probably
==12986== don't want to do, unless you know exactly what you're doing,
==12986== or are doing some strange experiment):
==12986==   /usr/lib64/valgrind/../../bin/vgdb --pid=12986 ...command...
==12986== 
==12986== TO DEBUG THIS PROCESS USING GDB: start GDB like this
==12986==   /path/to/gdb ./a.out
==12986== and then give GDB the following command
==12986==   target remote | /usr/lib64/valgrind/../../bin/vgdb --pid=12986
==12986== --pid is optional if only one valgrind process is running
==12986== 
--12986-- REDIR: 0x35eba17530 (strlen) redirected to 0x38049551 (vgPlain_amd64_linux_REDIR_FOR_strlen)
--12986-- Reading syms from /usr/lib64/valgrind/vgpreload_core-amd64-linux.so
--12986-- Reading syms from /usr/lib64/valgrind/vgpreload_memcheck-amd64-linux.so
--12986-- REDIR: 0x35eba173a0 (index) redirected to 0x4a07bf0 (index)
--12986-- REDIR: 0x35eba17420 (strcmp) redirected to 0x4a08530 (strcmp)
--12986-- Reading syms from /lib64/libc-2.12.so
--12986--   Considering /usr/lib/debug/.build-id/07/b5ce35eba864a01b697f5ca117e94b9248064f.debug ..
--12986--   .. build-id is valid
--12986-- REDIR: 0x35ebe84cd0 (strcasecmp) redirected to 0x480155c (_vgnU_ifunc_wrapper)
--12986-- REDIR: 0x35ebe86f90 (strncasecmp) redirected to 0x480155c (_vgnU_ifunc_wrapper)
--12986-- REDIR: 0x35ebe82c40 (__GI_strrchr) redirected to 0x4a07a70 (__GI_strrchr)
--12986-- REDIR: 0x35ebe81160 (__GI_strlen) redirected to 0x4a07f70 (__GI_strlen)
--12986-- REDIR: 0x35ebe8aaf0 (strchrnul) redirected to 0x4a09f10 (strchrnul)
--12986-- REDIR: 0x35ebe7b520 (free) redirected to 0x4a06369 (free)
==12986== 
==12986== HEAP SUMMARY:
==12986==     in use at exit: 0 bytes in 0 blocks
==12986==   total heap usage: 0 allocs, 0 frees, 0 bytes allocated
==12986== 
==12986== All heap blocks were freed -- no leaks are possible
==12986== 
==12986== ERROR SUMMARY: 0 errors from 0 contexts (suppressed: 6 from 6)
--12986-- 
--12986-- used_suppression:      4 U1004-ARM-_dl_relocate_object
--12986-- used_suppression:      2 glibc-2.5.x-on-SUSE-10.2-(PPC)-2a
==12986== 
==12986== ERROR SUMMARY: 0 errors from 0 contexts (suppressed: 6 from 6)
